0 info it worked if it ends with ok
1 verbose cli [ '/usr/local/bin/node', '/usr/local/bin/npm', 'install' ]
2 info using npm@1.4.28
3 info using node@v0.10.36
4 warn package.json basic-authentication-example@ No repository field.
5 verbose readDependencies using package.json deps
6 verbose install where, deps [ '/Users/b_wynn/Documents/basic-auth',
6 verbose install   [ 'express',
6 verbose install     'mongoose',
6 verbose install     'body-parser',
6 verbose install     'method-override',
6 verbose install     'morgan',
6 verbose install     'jswebtoken' ] ]
7 info preinstall basic-authentication-example@
8 verbose readDependencies using package.json deps
9 verbose cache add [ 'body-parser@latest', null ]
10 verbose cache add name=undefined spec="body-parser@latest" args=["body-parser@latest",null]
11 verbose parsed url { protocol: null,
11 verbose parsed url   slashes: null,
11 verbose parsed url   auth: null,
11 verbose parsed url   host: null,
11 verbose parsed url   port: null,
11 verbose parsed url   hostname: null,
11 verbose parsed url   hash: null,
11 verbose parsed url   search: null,
11 verbose parsed url   query: null,
11 verbose parsed url   pathname: 'body-parser@latest',
11 verbose parsed url   path: 'body-parser@latest',
11 verbose parsed url   href: 'body-parser@latest' }
12 verbose cache add [ 'method-override@latest', null ]
13 verbose cache add name=undefined spec="method-override@latest" args=["method-override@latest",null]
14 verbose parsed url { protocol: null,
14 verbose parsed url   slashes: null,
14 verbose parsed url   auth: null,
14 verbose parsed url   host: null,
14 verbose parsed url   port: null,
14 verbose parsed url   hostname: null,
14 verbose parsed url   hash: null,
14 verbose parsed url   search: null,
14 verbose parsed url   query: null,
14 verbose parsed url   pathname: 'method-override@latest',
14 verbose parsed url   path: 'method-override@latest',
14 verbose parsed url   href: 'method-override@latest' }
15 verbose cache add [ 'morgan@latest', null ]
16 verbose cache add name=undefined spec="morgan@latest" args=["morgan@latest",null]
17 verbose parsed url { protocol: null,
17 verbose parsed url   slashes: null,
17 verbose parsed url   auth: null,
17 verbose parsed url   host: null,
17 verbose parsed url   port: null,
17 verbose parsed url   hostname: null,
17 verbose parsed url   hash: null,
17 verbose parsed url   search: null,
17 verbose parsed url   query: null,
17 verbose parsed url   pathname: 'morgan@latest',
17 verbose parsed url   path: 'morgan@latest',
17 verbose parsed url   href: 'morgan@latest' }
18 verbose cache add name="body-parser" spec="latest" args=["body-parser","latest"]
19 verbose parsed url { protocol: null,
19 verbose parsed url   slashes: null,
19 verbose parsed url   auth: null,
19 verbose parsed url   host: null,
19 verbose parsed url   port: null,
19 verbose parsed url   hostname: null,
19 verbose parsed url   hash: null,
19 verbose parsed url   search: null,
19 verbose parsed url   query: null,
19 verbose parsed url   pathname: 'latest',
19 verbose parsed url   path: 'latest',
19 verbose parsed url   href: 'latest' }
20 verbose addNamed [ 'body-parser', 'latest' ]
21 verbose addNamed [ null, null ]
22 verbose cache add name="method-override" spec="latest" args=["method-override","latest"]
23 verbose parsed url { protocol: null,
23 verbose parsed url   slashes: null,
23 verbose parsed url   auth: null,
23 verbose parsed url   host: null,
23 verbose parsed url   port: null,
23 verbose parsed url   hostname: null,
23 verbose parsed url   hash: null,
23 verbose parsed url   search: null,
23 verbose parsed url   query: null,
23 verbose parsed url   pathname: 'latest',
23 verbose parsed url   path: 'latest',
23 verbose parsed url   href: 'latest' }
24 verbose addNamed [ 'method-override', 'latest' ]
25 verbose addNamed [ null, null ]
26 verbose cache add [ 'jswebtoken@latest', null ]
27 verbose cache add name=undefined spec="jswebtoken@latest" args=["jswebtoken@latest",null]
28 verbose parsed url { protocol: null,
28 verbose parsed url   slashes: null,
28 verbose parsed url   auth: null,
28 verbose parsed url   host: null,
28 verbose parsed url   port: null,
28 verbose parsed url   hostname: null,
28 verbose parsed url   hash: null,
28 verbose parsed url   search: null,
28 verbose parsed url   query: null,
28 verbose parsed url   pathname: 'jswebtoken@latest',
28 verbose parsed url   path: 'jswebtoken@latest',
28 verbose parsed url   href: 'jswebtoken@latest' }
29 verbose cache add name="morgan" spec="latest" args=["morgan","latest"]
30 verbose parsed url { protocol: null,
30 verbose parsed url   slashes: null,
30 verbose parsed url   auth: null,
30 verbose parsed url   host: null,
30 verbose parsed url   port: null,
30 verbose parsed url   hostname: null,
30 verbose parsed url   hash: null,
30 verbose parsed url   search: null,
30 verbose parsed url   query: null,
30 verbose parsed url   pathname: 'latest',
30 verbose parsed url   path: 'latest',
30 verbose parsed url   href: 'latest' }
31 verbose addNamed [ 'morgan', 'latest' ]
32 verbose addNamed [ null, null ]
33 silly lockFile 88319797-body-parser-latest body-parser@latest
34 verbose lock body-parser@latest /Users/b_wynn/.npm/88319797-body-parser-latest.lock
35 silly lockFile 2cb106a1-method-override-latest method-override@latest
36 verbose lock method-override@latest /Users/b_wynn/.npm/2cb106a1-method-override-latest.lock
37 silly lockFile d2a09fff-morgan-latest morgan@latest
38 verbose lock morgan@latest /Users/b_wynn/.npm/d2a09fff-morgan-latest.lock
39 verbose cache add name="jswebtoken" spec="latest" args=["jswebtoken","latest"]
40 verbose parsed url { protocol: null,
40 verbose parsed url   slashes: null,
40 verbose parsed url   auth: null,
40 verbose parsed url   host: null,
40 verbose parsed url   port: null,
40 verbose parsed url   hostname: null,
40 verbose parsed url   hash: null,
40 verbose parsed url   search: null,
40 verbose parsed url   query: null,
40 verbose parsed url   pathname: 'latest',
40 verbose parsed url   path: 'latest',
40 verbose parsed url   href: 'latest' }
41 verbose addNamed [ 'jswebtoken', 'latest' ]
42 verbose addNamed [ null, null ]
43 silly lockFile c326509a-jswebtoken-latest jswebtoken@latest
44 verbose lock jswebtoken@latest /Users/b_wynn/.npm/c326509a-jswebtoken-latest.lock
45 info addNameTag [ 'body-parser', 'latest' ]
46 info addNameTag [ 'method-override', 'latest' ]
47 info addNameTag [ 'morgan', 'latest' ]
48 verbose cache add [ 'express@latest', null ]
49 verbose cache add name=undefined spec="express@latest" args=["express@latest",null]
50 verbose parsed url { protocol: null,
50 verbose parsed url   slashes: null,
50 verbose parsed url   auth: null,
50 verbose parsed url   host: null,
50 verbose parsed url   port: null,
50 verbose parsed url   hostname: null,
50 verbose parsed url   hash: null,
50 verbose parsed url   search: null,
50 verbose parsed url   query: null,
50 verbose parsed url   pathname: 'express@latest',
50 verbose parsed url   path: 'express@latest',
50 verbose parsed url   href: 'express@latest' }
51 verbose cache add [ 'mongoose@latest', null ]
52 verbose cache add name=undefined spec="mongoose@latest" args=["mongoose@latest",null]
53 verbose parsed url { protocol: null,
53 verbose parsed url   slashes: null,
53 verbose parsed url   auth: null,
53 verbose parsed url   host: null,
53 verbose parsed url   port: null,
53 verbose parsed url   hostname: null,
53 verbose parsed url   hash: null,
53 verbose parsed url   search: null,
53 verbose parsed url   query: null,
53 verbose parsed url   pathname: 'mongoose@latest',
53 verbose parsed url   path: 'mongoose@latest',
53 verbose parsed url   href: 'mongoose@latest' }
54 info addNameTag [ 'jswebtoken', 'latest' ]
55 verbose request where is /jswebtoken
56 verbose request registry https://npm.apple.com/
57 verbose request id e38dcc4209b2b987
58 verbose url raw /jswebtoken
59 verbose url resolving [ 'https://npm.apple.com/', './jswebtoken' ]
60 verbose url resolved https://npm.apple.com/jswebtoken
61 verbose request where is https://npm.apple.com/jswebtoken
62 info trying registry request attempt 1 at 14:46:18
63 http GET https://npm.apple.com/jswebtoken
64 verbose cache add name="mongoose" spec="latest" args=["mongoose","latest"]
65 verbose parsed url { protocol: null,
65 verbose parsed url   slashes: null,
65 verbose parsed url   auth: null,
65 verbose parsed url   host: null,
65 verbose parsed url   port: null,
65 verbose parsed url   hostname: null,
65 verbose parsed url   hash: null,
65 verbose parsed url   search: null,
65 verbose parsed url   query: null,
65 verbose parsed url   pathname: 'latest',
65 verbose parsed url   path: 'latest',
65 verbose parsed url   href: 'latest' }
66 verbose addNamed [ 'mongoose', 'latest' ]
67 verbose addNamed [ null, null ]
68 silly lockFile 73e949f4-mongoose-latest mongoose@latest
69 verbose lock mongoose@latest /Users/b_wynn/.npm/73e949f4-mongoose-latest.lock
70 verbose cache add name="express" spec="latest" args=["express","latest"]
71 verbose parsed url { protocol: null,
71 verbose parsed url   slashes: null,
71 verbose parsed url   auth: null,
71 verbose parsed url   host: null,
71 verbose parsed url   port: null,
71 verbose parsed url   hostname: null,
71 verbose parsed url   hash: null,
71 verbose parsed url   search: null,
71 verbose parsed url   query: null,
71 verbose parsed url   pathname: 'latest',
71 verbose parsed url   path: 'latest',
71 verbose parsed url   href: 'latest' }
72 verbose addNamed [ 'express', 'latest' ]
73 verbose addNamed [ null, null ]
74 silly lockFile c30a01ab-express-latest express@latest
75 verbose lock express@latest /Users/b_wynn/.npm/c30a01ab-express-latest.lock
76 info addNameTag [ 'mongoose', 'latest' ]
77 verbose request where is /body-parser
78 verbose request registry https://npm.apple.com/
79 verbose url raw /body-parser
80 verbose url resolving [ 'https://npm.apple.com/', './body-parser' ]
81 verbose url resolved https://npm.apple.com/body-parser
82 verbose request where is https://npm.apple.com/body-parser
83 info trying registry request attempt 1 at 14:46:18
84 http GET https://npm.apple.com/body-parser
85 verbose request where is /method-override
86 verbose request registry https://npm.apple.com/
87 verbose url raw /method-override
88 verbose url resolving [ 'https://npm.apple.com/', './method-override' ]
89 verbose url resolved https://npm.apple.com/method-override
90 verbose request where is https://npm.apple.com/method-override
91 info trying registry request attempt 1 at 14:46:18
92 http GET https://npm.apple.com/method-override
93 info addNameTag [ 'express', 'latest' ]
94 verbose request where is /morgan
95 verbose request registry https://npm.apple.com/
96 verbose url raw /morgan
97 verbose url resolving [ 'https://npm.apple.com/', './morgan' ]
98 verbose url resolved https://npm.apple.com/morgan
99 verbose request where is https://npm.apple.com/morgan
100 info trying registry request attempt 1 at 14:46:18
101 http GET https://npm.apple.com/morgan
102 verbose request where is /mongoose
103 verbose request registry https://npm.apple.com/
104 verbose url raw /mongoose
105 verbose url resolving [ 'https://npm.apple.com/', './mongoose' ]
106 verbose url resolved https://npm.apple.com/mongoose
107 verbose request where is https://npm.apple.com/mongoose
108 info trying registry request attempt 1 at 14:46:18
109 http GET https://npm.apple.com/mongoose
110 verbose request where is /express
111 verbose request registry https://npm.apple.com/
112 verbose url raw /express
113 verbose url resolving [ 'https://npm.apple.com/', './express' ]
114 verbose url resolved https://npm.apple.com/express
115 verbose request where is https://npm.apple.com/express
116 info trying registry request attempt 1 at 14:46:18
117 http GET https://npm.apple.com/express
118 http 200 https://npm.apple.com/method-override
119 silly registry.get cb [ 200,
119 silly registry.get   { server: 'nginx/1.9.5',
119 silly registry.get     date: 'Tue, 19 Jan 2016 22:46:19 GMT',
119 silly registry.get     'content-type': 'application/json',
119 silly registry.get     'transfer-encoding': 'chunked',
119 silly registry.get     connection: 'keep-alive',
119 silly registry.get     'x-artifactory-id': '8a2176306814e51da0109278804e3b9a32e6824f',
119 silly registry.get     'x-artifactory-node-id': 'mr11a00is-hpba01080301.isg.apple.com',
119 silly registry.get     'strict-transport-security': 'max-age=31536000',
119 silly registry.get     'x-proxy-cache-status': 'EXPIRED',
119 silly registry.get     'x-proxy-node-id': 'a207525.mr.iso.apple.com' } ]
120 http 200 https://npm.apple.com/morgan
121 silly registry.get cb [ 200,
121 silly registry.get   { server: 'nginx/1.9.5',
121 silly registry.get     date: 'Tue, 19 Jan 2016 22:46:19 GMT',
121 silly registry.get     'content-type': 'application/json',
121 silly registry.get     'transfer-encoding': 'chunked',
121 silly registry.get     connection: 'keep-alive',
121 silly registry.get     'x-artifactory-id': '8a2176306814e51da0109278804e3b9a32e6824f',
121 silly registry.get     'x-artifactory-node-id': 'mr11a00is-hpba01080301.isg.apple.com',
121 silly registry.get     'strict-transport-security': 'max-age=31536000',
121 silly registry.get     'x-proxy-cache-status': 'EXPIRED',
121 silly registry.get     'x-proxy-node-id': 'a207736.mr.iso.apple.com' } ]
122 verbose addNamed [ 'method-override', '2.3.5' ]
123 verbose addNamed [ '2.3.5', '2.3.5' ]
124 silly lockFile f87bcb61-method-override-2-3-5 method-override@2.3.5
125 verbose lock method-override@2.3.5 /Users/b_wynn/.npm/f87bcb61-method-override-2-3-5.lock
126 verbose addNamed [ 'morgan', '1.6.1' ]
127 verbose addNamed [ '1.6.1', '1.6.1' ]
128 silly lockFile 4ffca82c-morgan-1-6-1 morgan@1.6.1
129 verbose lock morgan@1.6.1 /Users/b_wynn/.npm/4ffca82c-morgan-1-6-1.lock
130 silly lockFile f87bcb61-method-override-2-3-5 method-override@2.3.5
131 silly lockFile f87bcb61-method-override-2-3-5 method-override@2.3.5
132 silly lockFile 2cb106a1-method-override-latest method-override@latest
133 silly lockFile 2cb106a1-method-override-latest method-override@latest
134 silly lockFile 4ffca82c-morgan-1-6-1 morgan@1.6.1
135 silly lockFile 4ffca82c-morgan-1-6-1 morgan@1.6.1
136 silly lockFile d2a09fff-morgan-latest morgan@latest
137 silly lockFile d2a09fff-morgan-latest morgan@latest
138 info already installed method-override@2.3.5
139 http 200 https://npm.apple.com/body-parser
140 silly registry.get cb [ 200,
140 silly registry.get   { server: 'nginx/1.9.5',
140 silly registry.get     date: 'Tue, 19 Jan 2016 22:46:19 GMT',
140 silly registry.get     'content-type': 'application/json',
140 silly registry.get     'transfer-encoding': 'chunked',
140 silly registry.get     connection: 'keep-alive',
140 silly registry.get     'x-artifactory-id': '8a2176306814e51da0109278804e3b9a32e6824f',
140 silly registry.get     'x-artifactory-node-id': 'mr11a00is-hpba01080301.isg.apple.com',
140 silly registry.get     'strict-transport-security': 'max-age=31536000',
140 silly registry.get     'x-proxy-cache-status': 'EXPIRED',
140 silly registry.get     'x-proxy-node-id': 'a207736.mr.iso.apple.com' } ]
141 verbose addNamed [ 'body-parser', '1.14.2' ]
142 verbose addNamed [ '1.14.2', '1.14.2' ]
143 silly lockFile 0510b939-body-parser-1-14-2 body-parser@1.14.2
144 verbose lock body-parser@1.14.2 /Users/b_wynn/.npm/0510b939-body-parser-1-14-2.lock
145 silly lockFile 0510b939-body-parser-1-14-2 body-parser@1.14.2
146 silly lockFile 0510b939-body-parser-1-14-2 body-parser@1.14.2
147 silly lockFile 88319797-body-parser-latest body-parser@latest
148 silly lockFile 88319797-body-parser-latest body-parser@latest
149 info already installed body-parser@1.14.2
150 http 200 https://npm.apple.com/mongoose
151 silly registry.get cb [ 200,
151 silly registry.get   { server: 'nginx/1.9.5',
151 silly registry.get     date: 'Tue, 19 Jan 2016 22:46:19 GMT',
151 silly registry.get     'content-type': 'application/json',
151 silly registry.get     'transfer-encoding': 'chunked',
151 silly registry.get     connection: 'keep-alive',
151 silly registry.get     'x-artifactory-id': '8a2176306814e51da0109278804e3b9a32e6824f',
151 silly registry.get     'x-artifactory-node-id': 'mr11a00is-hpba01080301.isg.apple.com',
151 silly registry.get     'strict-transport-security': 'max-age=31536000',
151 silly registry.get     'x-proxy-cache-status': 'EXPIRED',
151 silly registry.get     'x-proxy-node-id': 'a207525.mr.iso.apple.com' } ]
152 verbose addNamed [ 'mongoose', '4.3.6' ]
153 verbose addNamed [ '4.3.6', '4.3.6' ]
154 silly lockFile 6251fe3a-mongoose-4-3-6 mongoose@4.3.6
155 verbose lock mongoose@4.3.6 /Users/b_wynn/.npm/6251fe3a-mongoose-4-3-6.lock
156 silly lockFile 6251fe3a-mongoose-4-3-6 mongoose@4.3.6
157 silly lockFile 6251fe3a-mongoose-4-3-6 mongoose@4.3.6
158 silly lockFile 73e949f4-mongoose-latest mongoose@latest
159 silly lockFile 73e949f4-mongoose-latest mongoose@latest
160 info already installed mongoose@4.3.6
161 http 200 https://npm.apple.com/express
162 silly registry.get cb [ 200,
162 silly registry.get   { server: 'nginx/1.9.5',
162 silly registry.get     date: 'Tue, 19 Jan 2016 22:46:19 GMT',
162 silly registry.get     'content-type': 'application/json',
162 silly registry.get     'transfer-encoding': 'chunked',
162 silly registry.get     connection: 'keep-alive',
162 silly registry.get     'x-artifactory-id': '8a2176306814e51da0109278804e3b9a32e6824f',
162 silly registry.get     'x-artifactory-node-id': 'mr11a00is-hpba01080301.isg.apple.com',
162 silly registry.get     'strict-transport-security': 'max-age=31536000',
162 silly registry.get     'x-proxy-cache-status': 'EXPIRED',
162 silly registry.get     'x-proxy-node-id': 'a207525.mr.iso.apple.com' } ]
163 verbose addNamed [ 'express', '4.13.3' ]
164 verbose addNamed [ '4.13.3', '4.13.3' ]
165 silly lockFile 51f1744e-express-4-13-3 express@4.13.3
166 verbose lock express@4.13.3 /Users/b_wynn/.npm/51f1744e-express-4-13-3.lock
167 silly lockFile 51f1744e-express-4-13-3 express@4.13.3
168 silly lockFile 51f1744e-express-4-13-3 express@4.13.3
169 silly lockFile c30a01ab-express-latest express@latest
170 silly lockFile c30a01ab-express-latest express@latest
171 info already installed express@4.13.3
172 http 404 https://npm.apple.com/jswebtoken
173 verbose headers { server: 'nginx/1.9.5',
173 verbose headers   date: 'Tue, 19 Jan 2016 22:46:19 GMT',
173 verbose headers   'content-type': 'application/json',
173 verbose headers   'transfer-encoding': 'chunked',
173 verbose headers   connection: 'keep-alive',
173 verbose headers   'x-artifactory-id': '8a2176306814e51da0109278804e3b9a32e6824f',
173 verbose headers   'x-artifactory-node-id': 'mr11a00is-hpba01080301.isg.apple.com',
173 verbose headers   'x-proxy-cache-status': 'MISS',
173 verbose headers   'x-proxy-node-id': 'a207525.mr.iso.apple.com' }
174 silly registry.get cb [ 404,
174 silly registry.get   { server: 'nginx/1.9.5',
174 silly registry.get     date: 'Tue, 19 Jan 2016 22:46:19 GMT',
174 silly registry.get     'content-type': 'application/json',
174 silly registry.get     'transfer-encoding': 'chunked',
174 silly registry.get     connection: 'keep-alive',
174 silly registry.get     'x-artifactory-id': '8a2176306814e51da0109278804e3b9a32e6824f',
174 silly registry.get     'x-artifactory-node-id': 'mr11a00is-hpba01080301.isg.apple.com',
174 silly registry.get     'x-proxy-cache-status': 'MISS',
174 silly registry.get     'x-proxy-node-id': 'a207525.mr.iso.apple.com' } ]
175 silly lockFile c326509a-jswebtoken-latest jswebtoken@latest
176 silly lockFile c326509a-jswebtoken-latest jswebtoken@latest
177 error 404 404 Not Found: jswebtoken
177 error 404
177 error 404 'jswebtoken' is not in the npm registry.
177 error 404 You should bug the author to publish it
177 error 404 It was specified as a dependency of 'basic-authentication-example'
177 error 404
177 error 404 Note that you can also install from a
177 error 404 tarball, folder, or http url, or git url.
178 error System Darwin 15.0.0
179 error command "/usr/local/bin/node" "/usr/local/bin/npm" "install"
180 error cwd /Users/b_wynn/Documents/basic-auth
181 error node -v v0.10.36
182 error npm -v 1.4.28
183 error code E404
184 verbose exit [ 1, true ]
